<?xml version="1.0" encoding="UTF-8"?>
<testsuite xmlns:xsi="http://www.w3.org/2001/XMLSchema-instance" xsi:noNamespaceSchemaLocation="https://maven.apache.org/surefire/maven-surefire-plugin/xsd/surefire-test-report-3.0.xsd" version="3.0" name="smartjob.cl.systemUsers.SystemUsersApplicationTests" time="2.463" tests="1" errors="0" skipped="0" failures="0">
  <properties>
[...]
</properties>
  <testcase name="contextLoads" classname="smartjob.cl.systemUsers.SystemUsersApplicationTests" time="0.348">
    <system-out><![CDATA[08:36:43.477 [main] INFO org.springframework.test.context.support.AnnotationConfigContextLoaderUtils -- Could not detect default configuration classes for test class [smartjob.cl.systemUsers.SystemUsersApplicationTests]: SystemUsersApplicationTests does not declare any static, non-private, non-final, nested classes annotated with @Configuration.
08:36:43.530 [main] INFO org.springframework.boot.test.context.SpringBootTestContextBootstrapper -- Found @SpringBootConfiguration smartjob.cl.systemUsers.SystemUsersApplication for test class smartjob.cl.systemUsers.SystemUsersApplicationTests

  .   ____          _            __ _ _
 /\\ / ___'_ __ _ _(_)_ __  __ _ \ \ \ \
( ( )\___ | '_ | '_| | '_ \/ _` | \ \ \ \
 \\/  ___)| |_)| | | | | || (_| |  ) ) ) )
  '  |____| .__|_| |_|_| |_\__, | / / / /
 =========|_|==============|___/=/_/_/_/
 :: Spring Boot ::                (v3.1.6)

2023-11-27T08:36:43.704-05:00  INFO 86839 --- [           main] s.c.s.SystemUsersApplicationTests        : Starting SystemUsersApplicationTests using Java 21 with PID 86839 (started by nescao2 in /Users/nescao2/IdeaProjects/smartjob)
2023-11-27T08:36:43.705-05:00  INFO 86839 --- [           main] s.c.s.SystemUsersApplicationTests        : No active profile set, falling back to 1 default profile: "default"
2023-11-27T08:36:44.061-05:00  INFO 86839 --- [           main] .s.d.r.c.RepositoryConfigurationDelegate : Bootstrapping Spring Data JPA repositories in DEFAULT mode.
2023-11-27T08:36:44.090-05:00  INFO 86839 --- [           main] .s.d.r.c.RepositoryConfigurationDelegate : Finished Spring Data repository scanning in 25 ms. Found 3 JPA repository interfaces.
2023-11-27T08:36:44.305-05:00  INFO 86839 --- [           main] com.zaxxer.hikari.HikariDataSource       : HikariPool-1 - Starting...
2023-11-27T08:36:44.407-05:00  INFO 86839 --- [           main] com.zaxxer.hikari.pool.HikariPool        : HikariPool-1 - Added connection conn0: url=jdbc:h2:mem:testdb user=ADMIN
2023-11-27T08:36:44.408-05:00  INFO 86839 --- [           main] com.zaxxer.hikari.HikariDataSource       : HikariPool-1 - Start completed.
2023-11-27T08:36:44.431-05:00  INFO 86839 --- [           main] o.hibernate.jpa.internal.util.LogHelper  : HHH000204: Processing PersistenceUnitInfo [name: default]
2023-11-27T08:36:44.467-05:00  INFO 86839 --- [           main] org.hibernate.Version                    : HHH000412: Hibernate ORM core version 6.2.13.Final
2023-11-27T08:36:44.468-05:00  INFO 86839 --- [           main] org.hibernate.cfg.Environment            : HHH000406: Using bytecode reflection optimizer
2023-11-27T08:36:44.579-05:00  INFO 86839 --- [           main] o.s.o.j.p.SpringPersistenceUnitInfo      : No LoadTimeWeaver setup: ignoring JPA class transformer
2023-11-27T08:36:44.600-05:00  WARN 86839 --- [           main] org.hibernate.orm.deprecation            : HHH90000025: H2Dialect does not need to be specified explicitly using 'hibernate.dialect' (remove the property setting and it will be selected by default)
2023-11-27T08:36:45.018-05:00  INFO 86839 --- [           main] o.h.e.t.j.p.i.JtaPlatformInitiator       : HHH000489: No JTA platform available (set 'hibernate.transaction.jta.platform' to enable JTA platform integration)
Hibernate: drop table if exists phones_users cascade 
Hibernate: drop table if exists session cascade 
Hibernate: drop table if exists users cascade 
Hibernate: drop sequence if exists phones_users_seq
Hibernate: drop sequence if exists session_seq
Hibernate: drop sequence if exists users_seq
Hibernate: create sequence phones_users_seq start with 1 increment by 50
Hibernate: create sequence session_seq start with 1 increment by 50
Hibernate: create sequence users_seq start with 1 increment by 50
Hibernate: create table phones_users (fk_user_id bigint, id bigint not null, city_code varchar(255), country_code varchar(255), number varchar(255), primary key (id))
Hibernate: create table session (user_is_active boolean default false, date_created timestamp(6), last_login timestamp(6), last_modified timestamp(6), session_id bigint not null, email varchar(255), name varchar(255), password varchar(255), primary key (session_id))
Hibernate: create table users (user_is_active boolean default false, date_created timestamp(6), last_login timestamp(6), last_modified timestamp(6), user_id bigint not null, email varchar(255), name varchar(255), password varchar(255), primary key (user_id))
Hibernate: alter table if exists phones_users add constraint FK6vd6y0m050edt03rkpxh8bx6x foreign key (fk_user_id) references users
2023-11-27T08:36:45.038-05:00  INFO 86839 --- [           main] j.LocalContainerEntityManagerFactoryBean : Initialized JPA EntityManagerFactory for persistence unit 'default'
2023-11-27T08:36:45.274-05:00  WARN 86839 --- [           main] JpaBaseConfiguration$JpaWebConfiguration : spring.jpa.open-in-view is enabled by default. Therefore, database queries may be performed during view rendering. Explicitly configure spring.jpa.open-in-view to disable this warning
2023-11-27T08:36:45.468-05:00  INFO 86839 --- [           main] o.s.b.a.h2.H2ConsoleAutoConfiguration    : H2 console available at '/h2'. Database available at 'jdbc:h2:mem:testdb'
2023-11-27T08:36:45.490-05:00  INFO 86839 --- [           main] s.c.s.SystemUsersApplicationTests        : Started SystemUsersApplicationTests in 1.9 seconds (process running for 2.41)
]]></system-out>
    <system-err><![CDATA[WARNING: A Java agent has been loaded dynamically (/Users/nescao2/.m2/repository/net/bytebuddy/byte-buddy-agent/1.14.10/byte-buddy-agent-1.14.10.jar)
WARNING: If a serviceability tool is in use, please run with -XX:+EnableDynamicAgentLoading to hide this warning
WARNING: If a serviceability tool is not in use, please run with -Djdk.instrument.traceUsage for more information
WARNING: Dynamic loading of agents will be disallowed by default in a future release
]]></system-err>
  </testcase>
</testsuite>